<?xml version="1.0" encoding="UTF-8"?>
<!-- Generated by org.testng.reporters.JUnitReportReporter -->
<testsuite hostname="DESKTOP-F5D0N14" failures="0" tests="1" name="com.testcases.Logintest" time="5.412" errors="0" timestamp="2023-11-01T17:30:54 IST" skipped="0">
  <testcase classname="com.testcases.Logintest" name="loginvalidation" time="5.412"/>
</testsuite> <!-- com.testcases.Logintest -->
