<?xml version="1.0" encoding="UTF-8"?>
<!-- Generated by org.testng.reporters.JUnitReportReporter -->
<testsuite hostname="DESKTOP-F5D0N14" failures="0" tests="1" name="com.testcases.Stock_Move_Functionality_Test" time="48.103" errors="0" timestamp="2023-10-18T08:32:36 IST" skipped="0">
  <testcase classname="com.testcases.Stock_Move_Functionality_Test" name="Stockmovevalidation" time="48.103"/>
</testsuite> <!-- com.testcases.Stock_Move_Functionality_Test -->
