<?xml version="1.0" encoding="UTF-8"?>
<!-- Generated by org.testng.reporters.JUnitReportReporter -->
<testsuite hostname="DESKTOP-F5D0N14" failures="0" tests="1" name="com.testcases.customer1test" time="27.520" errors="0" timestamp="2023-10-16T16:43:15 IST" skipped="0">
  <testcase classname="com.testcases.customer1test" name="verify" time="27.520"/>
</testsuite> <!-- com.testcases.customer1test -->
