<?xml version="1.0" encoding="UTF-8"?>
<!-- Generated by org.testng.reporters.JUnitReportReporter -->
<testsuite hostname="DESKTOP-F5D0N14" failures="0" tests="1" name="com.testcases.Usertype_Functionality_Test" time="36.815" errors="0" timestamp="2023-10-12T07:59:56 IST" skipped="0">
  <testcase classname="com.testcases.Usertype_Functionality_Test" name="Usertypevalidation" time="36.815"/>
</testsuite> <!-- com.testcases.Usertype_Functionality_Test -->
