<?xml version="1.0" encoding="UTF-8"?>
<!-- Generated by org.testng.reporters.JUnitReportReporter -->
<testsuite hostname="DESKTOP-F5D0N14" failures="0" tests="3" name="com.testcases.Location_functionality_Test" time="48.381" errors="0" timestamp="2023-11-02T18:23:42 IST" skipped="0">
  <testcase classname="com.testcases.Location_functionality_Test" name="Condition_Functionality_Add" time="21.442"/>
  <testcase classname="com.testcases.Location_functionality_Test" name="Condition_Functionality_Edit" time="17.971"/>
  <testcase classname="com.testcases.Location_functionality_Test" name="Condition_Functionality_Delete" time="8.968"/>
</testsuite> <!-- com.testcases.Location_functionality_Test -->
