<?xml version="1.0" encoding="UTF-8"?>
<!-- Generated by org.testng.reporters.JUnitReportReporter -->
<testsuite hostname="DESKTOP-F5D0N14" failures="0" tests="1" name="com.testcases.Add_Product_Inventory_Functionality_Test" time="36.552" errors="0" timestamp="2023-10-12T05:57:54 IST" skipped="0">
  <testcase classname="com.testcases.Add_Product_Inventory_Functionality_Test" name="Addproductvalidation" time="36.552"/>
</testsuite> <!-- com.testcases.Add_Product_Inventory_Functionality_Test -->
