<?xml version="1.0" encoding="UTF-8"?>
<!-- Generated by org.testng.reporters.JUnitReportReporter -->
<testsuite hostname="DESKTOP-F5D0N14" failures="0" tests="5" name="com.testcases.Login_Fuctionality_Test" time="36.139" errors="0" timestamp="2023-11-01T17:30:54 IST" skipped="0">
  <testcase classname="com.testcases.Login_Fuctionality_Test" name="loginvalidation" time="6.896"/>
  <testcase classname="com.testcases.Login_Fuctionality_Test" name="loginvalidation" time="3.765"/>
  <testcase classname="com.testcases.Login_Fuctionality_Test" name="loginvalidation" time="13.360"/>
  <testcase classname="com.testcases.Login_Fuctionality_Test" name="loginvalidation" time="3.857"/>
  <testcase classname="com.testcases.Login_Fuctionality_Test" name="loginvalidation" time="8.261"/>
</testsuite> <!-- com.testcases.Login_Fuctionality_Test -->
