<?xml version="1.0" encoding="UTF-8"?>
<!-- Generated by org.testng.reporters.JUnitReportReporter -->
<testsuite hostname="DESKTOP-F5D0N14" failures="0" tests="1" name="com.testcases.Logintest" time="7.255" errors="0" timestamp="2023-10-25T17:16:32 IST" skipped="0">
  <testcase classname="com.testcases.Logintest" name="loginvalidation" time="7.255"/>
</testsuite> <!-- com.testcases.Logintest -->
