<?xml version="1.0" encoding="UTF-8"?>
<!-- Generated by org.testng.reporters.JUnitReportReporter -->
<testsuite hostname="DESKTOP-F5D0N14" failures="0" tests="1" name="com.testcases.Logout_Functionality_Test" time="9.833" errors="0" timestamp="2023-10-12T09:40:51 IST" skipped="0">
  <testcase classname="com.testcases.Logout_Functionality_Test" name="LogOutvalidation" time="9.833"/>
</testsuite> <!-- com.testcases.Logout_Functionality_Test -->
