<?xml version="1.0" encoding="UTF-8"?>
<!-- Generated by org.testng.reporters.JUnitReportReporter -->
<testsuite hostname="DESKTOP-F5D0N14" failures="0" tests="3" name="com.testcases.Catageories_Functionality_Test" time="47.867" errors="0" timestamp="2023-11-01T17:49:03 IST" skipped="0">
  <testcase classname="com.testcases.Catageories_Functionality_Test" name="ADD_CategoriesFunctionality" time="21.847"/>
  <testcase classname="com.testcases.Catageories_Functionality_Test" name="Edit_CategoriesFunctionality" time="16.635"/>
  <testcase classname="com.testcases.Catageories_Functionality_Test" name="Delete_CategoriesFunctionality" time="9.385"/>
</testsuite> <!-- com.testcases.Catageories_Functionality_Test -->
