<?xml version="1.0" encoding="UTF-8"?>
<!-- Generated by org.testng.reporters.JUnitReportReporter -->
<testsuite hostname="DESKTOP-F5D0N14" failures="0" tests="3" name="com.testcases.Condition_functionality_Test" time="46.477" errors="0" timestamp="2023-11-02T16:50:52 IST" skipped="0">
  <testcase classname="com.testcases.Condition_functionality_Test" name="Condition_Functionality_Add" time="27.249"/>
  <testcase classname="com.testcases.Condition_functionality_Test" name="Condition_Functionality_Edit" time="8.713"/>
  <testcase classname="com.testcases.Condition_functionality_Test" name="Condition_Functionality_Delete" time="10.515"/>
</testsuite> <!-- com.testcases.Condition_functionality_Test -->
