<?xml version="1.0" encoding="UTF-8"?>
<!-- Generated by org.testng.reporters.JUnitReportReporter -->
<testsuite hostname="DESKTOP-F5D0N14" failures="0" tests="3" name="com.testcases.Location_functionality_Test" time="117.036" errors="0" timestamp="2023-10-25T17:16:32 IST" skipped="0">
  <testcase classname="com.testcases.Location_functionality_Test" name="Condition_Functionality_Add" time="76.725"/>
  <testcase classname="com.testcases.Location_functionality_Test" name="Condition_Functionality_Edit" time="31.833"/>
  <testcase classname="com.testcases.Location_functionality_Test" name="Condition_Functionality_Delete" time="8.478"/>
</testsuite> <!-- com.testcases.Location_functionality_Test -->
