<?xml version="1.0" encoding="UTF-8"?>
<!-- Generated by org.testng.reporters.JUnitReportReporter -->
<testsuite hostname="DESKTOP-F5D0N14" failures="0" tests="1" name="com.testcases.Logintest" time="8.053" errors="0" timestamp="2023-10-11T18:28:34 IST" skipped="0">
  <testcase classname="com.testcases.Logintest" name="loginvalidation" time="8.053"/>
</testsuite> <!-- com.testcases.Logintest -->
