<?xml version="1.0" encoding="UTF-8"?>
<!-- Generated by org.testng.reporters.JUnitReportReporter -->
<testsuite hostname="DESKTOP-F5D0N14" failures="0" tests="1" name="com.testcases.Company_Functinality_Test" time="67.472" errors="0" timestamp="2023-10-25T17:16:32 IST" skipped="0">
  <testcase classname="com.testcases.Company_Functinality_Test" name="Edit_Company_Functionality" time="67.472"/>
</testsuite> <!-- com.testcases.Company_Functinality_Test -->
